<?xml version="1.0" encoding="UTF-8"?>
<testng-results ignored="0" total="1" passed="1" failed="0" skipped="0">
  <reporter-output>
  </reporter-output>
  <suite started-at="2018-08-31T07:24:52Z" name="Default suite" finished-at="2018-08-31T07:25:39Z" duration-ms="46854">
    <groups>
    </groups>
    <test started-at="2018-08-31T07:24:52Z" name="Default test" finished-at="2018-08-31T07:25:39Z" duration-ms="46854">
      <class name="testclasses.MobileTest">
        <test-method is-config="true" signature="launchMobileApp()[pri:0, instance:testclasses.MobileTest@17503f6b]" started-at="2018-08-31T07:24:52Z" name="launchMobileApp" finished-at="2018-08-31T07:25:34Z" duration-ms="41963" status="PASS">
          <reporter-output>
          </reporter-output>
        </test-method> <!-- launchMobileApp -->
        <test-method signature="mobileTest()[pri:0, instance:testclasses.MobileTest@17503f6b]" started-at="2018-08-31T07:25:34Z" name="mobileTest" finished-at="2018-08-31T07:25:35Z" duration-ms="1105" status="PASS">
          <reporter-output>
          </reporter-output>
        </test-method> <!-- mobileTest -->
        <test-method is-config="true" signature="tearDown()[pri:0, instance:testclasses.MobileTest@17503f6b]" started-at="2018-08-31T07:25:35Z" name="tearDown" finished-at="2018-08-31T07:25:39Z" duration-ms="3769" status="PASS">
          <reporter-output>
          </reporter-output>
        </test-method> <!-- tearDown -->
      </class> <!-- testclasses.MobileTest -->
    </test> <!-- Default test -->
  </suite> <!-- Default suite -->
</testng-results>
